<?xml version="1.0" encoding="UTF-8"?>
<!-- Generated by org.testng.reporters.JUnitReportReporter -->
<testsuite hostname="Mukul" failures="0" tests="2" name="class_52_Parameters_InTest_DifferentAnnotationsInTestNG.Parameter_timeOut" time="12.028" errors="1" timestamp="2025-04-25T20:33:41 IST" skipped="0">
  <testcase classname="class_52_Parameters_InTest_DifferentAnnotationsInTestNG.Parameter_timeOut" name="testcase2" time="0.002"/>
  <testcase classname="class_52_Parameters_InTest_DifferentAnnotationsInTestNG.Parameter_timeOut" name="testcase1" time="12.026">
    <error message="Method class_52_Parameters_InTest_DifferentAnnotationsInTestNG.Parameter_timeOut.testcase1() didn&#039;t finish within the time-out 12000" type="org.testng.internal.thread.ThreadTimeoutException">
      <![CDATA[org.testng.internal.thread.ThreadTimeoutException: Method class_52_Parameters_InTest_DifferentAnnotationsInTestNG.Parameter_timeOut.testcase1() didn't finish within the time-out 12000
at java.base@17.0.14/jdk.internal.misc.Unsafe.park(Native Method)
at java.base@17.0.14/java.util.concurrent.locks.LockSupport.parkNanos(LockSupport.java:252)
at java.base@17.0.14/java.util.concurrent.CompletableFuture$Signaller.block(CompletableFuture.java:1866)
at java.base@17.0.14/java.util.concurrent.ForkJoinPool.unmanagedBlock(ForkJoinPool.java:3465)
at java.base@17.0.14/java.util.concurrent.ForkJoinPool.managedBlock(ForkJoinPool.java:3436)
at java.base@17.0.14/java.util.concurrent.CompletableFuture.timedGet(CompletableFuture.java:1939)
at java.base@17.0.14/java.util.concurrent.CompletableFuture.get(CompletableFuture.java:2095)
at app//org.openqa.selenium.remote.http.jdk.JdkHttpClient.execute0(JdkHttpClient.java:379)
at app//org.openqa.selenium.remote.http.jdk.JdkHttpClient$$Lambda$293/0x000000080020c2c0.execute(Unknown Source)
at app//org.openqa.selenium.remote.http.AddSeleniumUserAgent.lambda$apply$0(AddSeleniumUserAgent.java:42)
at app//org.openqa.selenium.remote.http.AddSeleniumUserAgent$$Lambda$434/0x000000080023f6d0.execute(Unknown Source)
at app//org.openqa.selenium.remote.http.Filter.lambda$andFinally$1(Filter.java:55)
at app//org.openqa.selenium.remote.http.Filter$$Lambda$294/0x000000080020c4f0.execute(Unknown Source)
at app//org.openqa.selenium.remote.http.jdk.JdkHttpClient.execute(JdkHttpClient.java:352)
at app//org.openqa.selenium.remote.HttpCommandExecutor.execute(HttpCommandExecutor.java:187)
at app//org.openqa.selenium.remote.service.DriverCommandExecutor.invokeExecute(DriverCommandExecutor.java:216)
at app//org.openqa.selenium.remote.service.DriverCommandExecutor.execute(DriverCommandExecutor.java:174)
at app//org.openqa.selenium.remote.RemoteWebDriver.execute(RemoteWebDriver.java:518)
at app//org.openqa.selenium.remote.RemoteWebElement.execute(RemoteWebElement.java:223)
at app//org.openqa.selenium.remote.RemoteWebElement.click(RemoteWebElement.java:76)
at app//class_52_Parameters_InTest_DifferentAnnotationsInTestNG.Parameter_timeOut.testcase1(Parameter_timeOut.java:19)
at java.base@17.0.14/jdk.internal.reflect.NativeMethodAccessorImpl.invoke0(Native Method)
at java.base@17.0.14/jdk.internal.reflect.NativeMethodAccessorImpl.invoke(NativeMethodAccessorImpl.java:77)
at java.base@17.0.14/jdk.internal.reflect.DelegatingMethodAccessorImpl.invoke(DelegatingMethodAccessorImpl.java:43)
at java.base@17.0.14/java.lang.reflect.Method.invoke(Method.java:569)
at app//org.testng.internal.invokers.MethodInvocationHelper.invokeMethod(MethodInvocationHelper.java:141)
at app//org.testng.internal.invokers.InvokeMethodRunnable.runOne(InvokeMethodRunnable.java:47)
at app//org.testng.internal.invokers.InvokeMethodRunnable.call(InvokeMethodRunnable.java:76)
at app//org.testng.internal.invokers.InvokeMethodRunnable.call(InvokeMethodRunnable.java:11)
at java.base@17.0.14/java.util.concurrent.FutureTask.run(FutureTask.java:264)
at java.base@17.0.14/java.util.concurrent.ThreadPoolExecutor.runWorker(ThreadPoolExecutor.java:1136)
at java.base@17.0.14/java.util.concurrent.ThreadPoolExecutor$Worker.run(ThreadPoolExecutor.java:635)
at java.base@17.0.14/java.lang.Thread.run(Thread.java:840)
]]>
    </error>
  </testcase> <!-- testcase1 -->
</testsuite> <!-- class_52_Parameters_InTest_DifferentAnnotationsInTestNG.Parameter_timeOut -->
